[0.466s] Invoking command in '/home/robot/gobilda/gobilda_ws/build/gobilda_robot': /usr/bin/cmake --build /home/robot/gobilda/gobilda_ws/build/gobilda_robot -- -j6 -l6
[0.549s] -- Found ament_cmake: 1.3.10 (/opt/ros/humble/share/ament_cmake/cmake)
[0.836s] Traceback (most recent call last):
[0.836s]   File "/opt/ros/humble/share/ament_cmake_core/cmake/package_templates/templates_2_cmake.py", line 21, in <module>
[0.836s]     from ament_package.templates import get_environment_hook_template_path
[0.836s] ModuleNotFoundError: No module named 'ament_package'
[0.866s] [31mCMake Error at /opt/ros/humble/share/ament_cmake_core/cmake/ament_cmake_package_templates-extras.cmake:41 (message):
[0.866s]   execute_process(/usr/bin/python3
[0.867s]   /opt/ros/humble/share/ament_cmake_core/cmake/package_templates/templates_2_cmake.py
[0.867s]   /home/robot/gobilda/gobilda_ws/build/gobilda_robot/ament_cmake_package_templates/templates.cmake)
[0.867s]   returned error code 1
[0.867s] Call Stack (most recent call first):
[0.868s]   /opt/ros/humble/share/ament_cmake_core/cmake/ament_cmake_coreConfig.cmake:41 (include)
[0.868s]   /opt/ros/humble/share/ament_cmake/cmake/ament_cmake_export_dependencies-extras.cmake:15 (find_package)
[0.868s]   /opt/ros/humble/share/ament_cmake/cmake/ament_cmakeConfig.cmake:41 (include)
[0.868s]   CMakeLists.txt:16 (find_package)
[0.869s] 
[0.869s] [0m
[0.869s] -- Configuring incomplete, errors occurred!
[0.869s] See also "/home/robot/gobilda/gobilda_ws/build/gobilda_robot/CMakeFiles/CMakeOutput.log".
[0.875s] gmake: *** [Makefile:294: cmake_check_build_system] Error 1
[0.880s] Invoked command in '/home/robot/gobilda/gobilda_ws/build/gobilda_robot' returned '2': /usr/bin/cmake --build /home/robot/gobilda/gobilda_ws/build/gobilda_robot -- -j6 -l6
