[35m[1mConsolidate compiler generated dependencies of target gobilda_robot[0m
[ 33%] [32mBuilding CXX object CMakeFiles/gobilda_robot.dir/hardware/src/motor.cpp.o[0m
[01m[K/home/robot/gobilda/gobilda_ws/src/gobilda_robot/hardware/src/motor.cpp:[m[K In member function â€˜[01m[Kint gobilda_robot::Motor::convertVelocity(double)[m[Kâ€™:
[01m[K/home/robot/gobilda/gobilda_ws/src/gobilda_robot/hardware/src/motor.cpp:40:32:[m[K [01;31m[Kerror: [m[Kexpected â€˜[01m[K;[m[Kâ€™ before â€˜[01m[Kif[m[Kâ€™
   40 |   rosMax = 60.0; rosMin = -60.0[01;31m[K/[m[K/else rosMax = 20.0, rosMin = -20.0;
      |                                [01;31m[K^[m[K
      |                                [32m[K;[m[K
......
   45 |   [32m[Kif[m[K (pin_ == 15) {pwmMax = 138.0; pwmMin = 118.0;}//on my robot motor moves too fast pwmMax = 168.0, pwmMin = 88.0;
      |   [32m[K~~[m[K                            
[01m[K/home/robot/gobilda/gobilda_ws/src/gobilda_robot/hardware/src/motor.cpp:46:3:[m[K [01;31m[Kerror: [m[Kâ€˜[01m[Kelse[m[Kâ€™ without a previous â€˜[01m[Kif[m[Kâ€™
   46 |   [01;31m[Kelse[m[K {pwmMax = 88.0; pwmMin = 168.0;}
      |   [01;31m[K^~~~[m[K
gmake[2]: *** [CMakeFiles/gobilda_robot.dir/build.make:90: CMakeFiles/gobilda_robot.dir/hardware/src/motor.cpp.o] Error 1
gmake[1]: *** [CMakeFiles/Makefile2:137: CMakeFiles/gobilda_robot.dir/all] Error 2
gmake: *** [Makefile:146: all] Error 2
