[0.504s] Invoking command in '/home/robot/gobilda/gobilda_ws/build/gobilda_robot': /usr/bin/cmake --build /home/robot/gobilda/gobilda_ws/build/gobilda_robot -- -j6 -l6
[0.615s] -- Found ament_cmake: 1.3.10 (/opt/ros/humble/share/ament_cmake/cmake)
[0.893s] Traceback (most recent call last):
[0.893s]   File "/opt/ros/humble/share/ament_cmake_core/cmake/package_templates/templates_2_cmake.py", line 21, in <module>
[0.894s]     from ament_package.templates import get_environment_hook_template_path
[0.894s] ModuleNotFoundError: No module named 'ament_package'
[0.922s] [31mCMake Error at /opt/ros/humble/share/ament_cmake_core/cmake/ament_cmake_package_templates-extras.cmake:41 (message):
[0.922s]   execute_process(/usr/bin/python3
[0.923s]   /opt/ros/humble/share/ament_cmake_core/cmake/package_templates/templates_2_cmake.py
[0.923s]   /home/robot/gobilda/gobilda_ws/build/gobilda_robot/ament_cmake_package_templates/templates.cmake)
[0.923s]   returned error code 1
[0.924s] Call Stack (most recent call first):
[0.924s]   /opt/ros/humble/share/ament_cmake_core/cmake/ament_cmake_coreConfig.cmake:41 (include)
[0.924s]   /opt/ros/humble/share/ament_cmake/cmake/ament_cmake_export_dependencies-extras.cmake:15 (find_package)
[0.924s]   /opt/ros/humble/share/ament_cmake/cmake/ament_cmakeConfig.cmake:41 (include)
[0.925s]   CMakeLists.txt:16 (find_package)
[0.925s] 
[0.925s] [0m
[0.925s] -- Configuring incomplete, errors occurred!
[0.925s] See also "/home/robot/gobilda/gobilda_ws/build/gobilda_robot/CMakeFiles/CMakeOutput.log".
[0.930s] gmake: *** [Makefile:294: cmake_check_build_system] Error 1
[0.936s] Invoked command in '/home/robot/gobilda/gobilda_ws/build/gobilda_robot' returned '2': /usr/bin/cmake --build /home/robot/gobilda/gobilda_ws/build/gobilda_robot -- -j6 -l6
